<?xml version="1.0" encoding="UTF-8"?><testrun name="DataUtilitiesTest" project="JFreeChart" tests="7" started="7" failures="0" errors="6" ignored="0">
  <testsuite name="org.jfree.data.test.DataUtilitiesTest" time="0.003">
    <testcase name="testCreateNumberArray_double" classname="org.jfree.data.test.DataUtilitiesTest" time="0.0"/>
    <testcase name="testCalculateRowTotal_oneRow" classname="org.jfree.data.test.DataUtilitiesTest" time="0.001">
      <error>java.lang.NoClassDefFoundError: org/hamcrest/collection/IsArray&#13;
	at java.base/java.lang.ClassLoader.defineClass1(Native Method)&#13;
	at java.base/java.lang.ClassLoader.defineClass(ClassLoader.java:1016)&#13;
	at java.base/java.security.SecureClassLoader.defineClass(SecureClassLoader.java:151)&#13;
	at java.base/jdk.internal.loader.BuiltinClassLoader.defineClass(BuiltinClassLoader.java:825)&#13;
	at java.base/jdk.internal.loader.BuiltinClassLoader.findClassOnClassPathOrNull(BuiltinClassLoader.java:723)&#13;
	at java.base/jdk.internal.loader.BuiltinClassLoader.loadClassOrNull(BuiltinClassLoader.java:646)&#13;
	at java.base/jdk.internal.loader.BuiltinClassLoader.loadClass(BuiltinClassLoader.java:604)&#13;
	at java.base/jdk.internal.loader.ClassLoaders$AppClassLoader.loadClass(ClassLoaders.java:168)&#13;
	at java.base/java.lang.ClassLoader.loadClass(ClassLoader.java:522)&#13;
	at org.jmock.internal.InvocationExpectationBuilder.createExpectationFrom(InvocationExpectationBuilder.java:89)&#13;
	at org.jmock.internal.InvocationToExpectationTranslator.invoke(InvocationToExpectationTranslator.java:19)&#13;
	at org.jmock.internal.FakeObjectMethods.invoke(FakeObjectMethods.java:38)&#13;
	at org.jmock.lib.JavaReflectionImposteriser$1.invoke(JavaReflectionImposteriser.java:33)&#13;
	at com.sun.proxy.$Proxy5.getRowCount(Unknown Source)&#13;
	at org.jfree.data.test.DataUtilitiesTest$5.&lt;init&gt;(DataUtilitiesTest.java:96)&#13;
	at org.jfree.data.test.DataUtilitiesTest.testCalculateRowTotal_oneRow(DataUtilitiesTest.java:95)&#13;
	at java.base/jdk.internal.reflect.NativeMethodAccessorImpl.invoke0(Native Method)&#13;
	at java.base/jdk.internal.reflect.NativeMethodAccessorImpl.invoke(NativeMethodAccessorImpl.java:64)&#13;
	at java.base/jdk.internal.reflect.DelegatingMethodAccessorImpl.invoke(DelegatingMethodAccessorImpl.java:43)&#13;
	at java.base/java.lang.reflect.Method.invoke(Method.java:564)&#13;
	at org.junit.runners.model.FrameworkMethod$1.runReflectiveCall(FrameworkMethod.java:47)&#13;
	at org.junit.internal.runners.model.ReflectiveCallable.run(ReflectiveCallable.java:12)&#13;
	at org.junit.runners.model.FrameworkMethod.invokeExplosively(FrameworkMethod.java:44)&#13;
	at org.junit.internal.runners.statements.InvokeMethod.evaluate(InvokeMethod.java:17)&#13;
	at org.junit.runners.ParentRunner.runLeaf(ParentRunner.java:271)&#13;
	at org.junit.runners.BlockJUnit4ClassRunner.runChild(BlockJUnit4ClassRunner.java:70)&#13;
	at org.junit.runners.BlockJUnit4ClassRunner.runChild(BlockJUnit4ClassRunner.java:50)&#13;
	at org.junit.runners.ParentRunner$3.run(ParentRunner.java:238)&#13;
	at org.junit.runners.ParentRunner$1.schedule(ParentRunner.java:63)&#13;
	at org.junit.runners.ParentRunner.runChildren(ParentRunner.java:236)&#13;
	at org.junit.runners.ParentRunner.access$000(ParentRunner.java:53)&#13;
	at org.junit.runners.ParentRunner$2.evaluate(ParentRunner.java:229)&#13;
	at org.junit.runners.ParentRunner.run(ParentRunner.java:309)&#13;
	at org.eclipse.jdt.internal.junit4.runner.JUnit4TestReference.run(JUnit4TestReference.java:89)&#13;
	at org.eclipse.jdt.internal.junit.runner.TestExecution.run(TestExecution.java:41)&#13;
	at org.eclipse.jdt.internal.junit.runner.RemoteTestRunner.runTests(RemoteTestRunner.java:542)&#13;
	at org.eclipse.jdt.internal.junit.runner.RemoteTestRunner.runTests(RemoteTestRunner.java:770)&#13;
	at org.eclipse.jdt.internal.junit.runner.RemoteTestRunner.run(RemoteTestRunner.java:464)&#13;
	at org.eclipse.jdt.internal.junit.runner.RemoteTestRunner.main(RemoteTestRunner.java:210)&#13;
Caused by: java.lang.ClassNotFoundException: org.hamcrest.collection.IsArray&#13;
	at java.base/jdk.internal.loader.BuiltinClassLoader.loadClass(BuiltinClassLoader.java:606)&#13;
	at java.base/jdk.internal.loader.ClassLoaders$AppClassLoader.loadClass(ClassLoaders.java:168)&#13;
	at java.base/java.lang.ClassLoader.loadClass(ClassLoader.java:522)&#13;
	... 39 more&#13;
&#13;
</error>
    </testcase>
    <testcase name="testCalculateColumnTotal_multipleRows" classname="org.jfree.data.test.DataUtilitiesTest" time="0.0">
      <error>java.lang.NoClassDefFoundError: org/hamcrest/collection/IsArray&#13;
	at org.jmock.internal.InvocationExpectationBuilder.createExpectationFrom(InvocationExpectationBuilder.java:89)&#13;
	at org.jmock.internal.InvocationToExpectationTranslator.invoke(InvocationToExpectationTranslator.java:19)&#13;
	at org.jmock.internal.FakeObjectMethods.invoke(FakeObjectMethods.java:38)&#13;
	at org.jmock.lib.JavaReflectionImposteriser$1.invoke(JavaReflectionImposteriser.java:33)&#13;
	at com.sun.proxy.$Proxy5.getRowCount(Unknown Source)&#13;
	at org.jfree.data.test.DataUtilitiesTest$3.&lt;init&gt;(DataUtilitiesTest.java:59)&#13;
	at org.jfree.data.test.DataUtilitiesTest.testCalculateColumnTotal_multipleRows(DataUtilitiesTest.java:58)&#13;
	at java.base/jdk.internal.reflect.NativeMethodAccessorImpl.invoke0(Native Method)&#13;
	at java.base/jdk.internal.reflect.NativeMethodAccessorImpl.invoke(NativeMethodAccessorImpl.java:64)&#13;
	at java.base/jdk.internal.reflect.DelegatingMethodAccessorImpl.invoke(DelegatingMethodAccessorImpl.java:43)&#13;
	at java.base/java.lang.reflect.Method.invoke(Method.java:564)&#13;
	at org.junit.runners.model.FrameworkMethod$1.runReflectiveCall(FrameworkMethod.java:47)&#13;
	at org.junit.internal.runners.model.ReflectiveCallable.run(ReflectiveCallable.java:12)&#13;
	at org.junit.runners.model.FrameworkMethod.invokeExplosively(FrameworkMethod.java:44)&#13;
	at org.junit.internal.runners.statements.InvokeMethod.evaluate(InvokeMethod.java:17)&#13;
	at org.junit.runners.ParentRunner.runLeaf(ParentRunner.java:271)&#13;
	at org.junit.runners.BlockJUnit4ClassRunner.runChild(BlockJUnit4ClassRunner.java:70)&#13;
	at org.junit.runners.BlockJUnit4ClassRunner.runChild(BlockJUnit4ClassRunner.java:50)&#13;
	at org.junit.runners.ParentRunner$3.run(ParentRunner.java:238)&#13;
	at org.junit.runners.ParentRunner$1.schedule(ParentRunner.java:63)&#13;
	at org.junit.runners.ParentRunner.runChildren(ParentRunner.java:236)&#13;
	at org.junit.runners.ParentRunner.access$000(ParentRunner.java:53)&#13;
	at org.junit.runners.ParentRunner$2.evaluate(ParentRunner.java:229)&#13;
	at org.junit.runners.ParentRunner.run(ParentRunner.java:309)&#13;
	at org.eclipse.jdt.internal.junit4.runner.JUnit4TestReference.run(JUnit4TestReference.java:89)&#13;
	at org.eclipse.jdt.internal.junit.runner.TestExecution.run(TestExecution.java:41)&#13;
	at org.eclipse.jdt.internal.junit.runner.RemoteTestRunner.runTests(RemoteTestRunner.java:542)&#13;
	at org.eclipse.jdt.internal.junit.runner.RemoteTestRunner.runTests(RemoteTestRunner.java:770)&#13;
	at org.eclipse.jdt.internal.junit.runner.RemoteTestRunner.run(RemoteTestRunner.java:464)&#13;
	at org.eclipse.jdt.internal.junit.runner.RemoteTestRunner.main(RemoteTestRunner.java:210)&#13;
&#13;
</error>
    </testcase>
    <testcase name="testCalculateColumnTotal_EmptyTable" classname="org.jfree.data.test.DataUtilitiesTest" time="0.001">
      <error>java.lang.NoClassDefFoundError: org/hamcrest/collection/IsArray&#13;
	at org.jmock.internal.InvocationExpectationBuilder.createExpectationFrom(InvocationExpectationBuilder.java:89)&#13;
	at org.jmock.internal.InvocationToExpectationTranslator.invoke(InvocationToExpectationTranslator.java:19)&#13;
	at org.jmock.internal.FakeObjectMethods.invoke(FakeObjectMethods.java:38)&#13;
	at org.jmock.lib.JavaReflectionImposteriser$1.invoke(JavaReflectionImposteriser.java:33)&#13;
	at com.sun.proxy.$Proxy5.getRowCount(Unknown Source)&#13;
	at org.jfree.data.test.DataUtilitiesTest$1.&lt;init&gt;(DataUtilitiesTest.java:25)&#13;
	at org.jfree.data.test.DataUtilitiesTest.testCalculateColumnTotal_EmptyTable(DataUtilitiesTest.java:24)&#13;
	at java.base/jdk.internal.reflect.NativeMethodAccessorImpl.invoke0(Native Method)&#13;
	at java.base/jdk.internal.reflect.NativeMethodAccessorImpl.invoke(NativeMethodAccessorImpl.java:64)&#13;
	at java.base/jdk.internal.reflect.DelegatingMethodAccessorImpl.invoke(DelegatingMethodAccessorImpl.java:43)&#13;
	at java.base/java.lang.reflect.Method.invoke(Method.java:564)&#13;
	at org.junit.runners.model.FrameworkMethod$1.runReflectiveCall(FrameworkMethod.java:47)&#13;
	at org.junit.internal.runners.model.ReflectiveCallable.run(ReflectiveCallable.java:12)&#13;
	at org.junit.runners.model.FrameworkMethod.invokeExplosively(FrameworkMethod.java:44)&#13;
	at org.junit.internal.runners.statements.InvokeMethod.evaluate(InvokeMethod.java:17)&#13;
	at org.junit.runners.ParentRunner.runLeaf(ParentRunner.java:271)&#13;
	at org.junit.runners.BlockJUnit4ClassRunner.runChild(BlockJUnit4ClassRunner.java:70)&#13;
	at org.junit.runners.BlockJUnit4ClassRunner.runChild(BlockJUnit4ClassRunner.java:50)&#13;
	at org.junit.runners.ParentRunner$3.run(ParentRunner.java:238)&#13;
	at org.junit.runners.ParentRunner$1.schedule(ParentRunner.java:63)&#13;
	at org.junit.runners.ParentRunner.runChildren(ParentRunner.java:236)&#13;
	at org.junit.runners.ParentRunner.access$000(ParentRunner.java:53)&#13;
	at org.junit.runners.ParentRunner$2.evaluate(ParentRunner.java:229)&#13;
	at org.junit.runners.ParentRunner.run(ParentRunner.java:309)&#13;
	at org.eclipse.jdt.internal.junit4.runner.JUnit4TestReference.run(JUnit4TestReference.java:89)&#13;
	at org.eclipse.jdt.internal.junit.runner.TestExecution.run(TestExecution.java:41)&#13;
	at org.eclipse.jdt.internal.junit.runner.RemoteTestRunner.runTests(RemoteTestRunner.java:542)&#13;
	at org.eclipse.jdt.internal.junit.runner.RemoteTestRunner.runTests(RemoteTestRunner.java:770)&#13;
	at org.eclipse.jdt.internal.junit.runner.RemoteTestRunner.run(RemoteTestRunner.java:464)&#13;
	at org.eclipse.jdt.internal.junit.runner.RemoteTestRunner.main(RemoteTestRunner.java:210)&#13;
&#13;
</error>
    </testcase>
    <testcase name="testCalculateRowTotal_multipleRows" classname="org.jfree.data.test.DataUtilitiesTest" time="0.0">
      <error>java.lang.NoClassDefFoundError: org/hamcrest/collection/IsArray&#13;
	at org.jmock.internal.InvocationExpectationBuilder.createExpectationFrom(InvocationExpectationBuilder.java:89)&#13;
	at org.jmock.internal.InvocationToExpectationTranslator.invoke(InvocationToExpectationTranslator.java:19)&#13;
	at org.jmock.internal.FakeObjectMethods.invoke(FakeObjectMethods.java:38)&#13;
	at org.jmock.lib.JavaReflectionImposteriser$1.invoke(JavaReflectionImposteriser.java:33)&#13;
	at com.sun.proxy.$Proxy5.getRowCount(Unknown Source)&#13;
	at org.jfree.data.test.DataUtilitiesTest$6.&lt;init&gt;(DataUtilitiesTest.java:113)&#13;
	at org.jfree.data.test.DataUtilitiesTest.testCalculateRowTotal_multipleRows(DataUtilitiesTest.java:112)&#13;
	at java.base/jdk.internal.reflect.NativeMethodAccessorImpl.invoke0(Native Method)&#13;
	at java.base/jdk.internal.reflect.NativeMethodAccessorImpl.invoke(NativeMethodAccessorImpl.java:64)&#13;
	at java.base/jdk.internal.reflect.DelegatingMethodAccessorImpl.invoke(DelegatingMethodAccessorImpl.java:43)&#13;
	at java.base/java.lang.reflect.Method.invoke(Method.java:564)&#13;
	at org.junit.runners.model.FrameworkMethod$1.runReflectiveCall(FrameworkMethod.java:47)&#13;
	at org.junit.internal.runners.model.ReflectiveCallable.run(ReflectiveCallable.java:12)&#13;
	at org.junit.runners.model.FrameworkMethod.invokeExplosively(FrameworkMethod.java:44)&#13;
	at org.junit.internal.runners.statements.InvokeMethod.evaluate(InvokeMethod.java:17)&#13;
	at org.junit.runners.ParentRunner.runLeaf(ParentRunner.java:271)&#13;
	at org.junit.runners.BlockJUnit4ClassRunner.runChild(BlockJUnit4ClassRunner.java:70)&#13;
	at org.junit.runners.BlockJUnit4ClassRunner.runChild(BlockJUnit4ClassRunner.java:50)&#13;
	at org.junit.runners.ParentRunner$3.run(ParentRunner.java:238)&#13;
	at org.junit.runners.ParentRunner$1.schedule(ParentRunner.java:63)&#13;
	at org.junit.runners.ParentRunner.runChildren(ParentRunner.java:236)&#13;
	at org.junit.runners.ParentRunner.access$000(ParentRunner.java:53)&#13;
	at org.junit.runners.ParentRunner$2.evaluate(ParentRunner.java:229)&#13;
	at org.junit.runners.ParentRunner.run(ParentRunner.java:309)&#13;
	at org.eclipse.jdt.internal.junit4.runner.JUnit4TestReference.run(JUnit4TestReference.java:89)&#13;
	at org.eclipse.jdt.internal.junit.runner.TestExecution.run(TestExecution.java:41)&#13;
	at org.eclipse.jdt.internal.junit.runner.RemoteTestRunner.runTests(RemoteTestRunner.java:542)&#13;
	at org.eclipse.jdt.internal.junit.runner.RemoteTestRunner.runTests(RemoteTestRunner.java:770)&#13;
	at org.eclipse.jdt.internal.junit.runner.RemoteTestRunner.run(RemoteTestRunner.java:464)&#13;
	at org.eclipse.jdt.internal.junit.runner.RemoteTestRunner.main(RemoteTestRunner.java:210)&#13;
&#13;
</error>
    </testcase>
    <testcase name="testCalculateRowTotal_EmptyTable" classname="org.jfree.data.test.DataUtilitiesTest" time="0.0">
      <error>java.lang.NoClassDefFoundError: org/hamcrest/collection/IsArray&#13;
	at org.jmock.internal.InvocationExpectationBuilder.createExpectationFrom(InvocationExpectationBuilder.java:89)&#13;
	at org.jmock.internal.InvocationToExpectationTranslator.invoke(InvocationToExpectationTranslator.java:19)&#13;
	at org.jmock.internal.FakeObjectMethods.invoke(FakeObjectMethods.java:38)&#13;
	at org.jmock.lib.JavaReflectionImposteriser$1.invoke(JavaReflectionImposteriser.java:33)&#13;
	at com.sun.proxy.$Proxy5.getRowCount(Unknown Source)&#13;
	at org.jfree.data.test.DataUtilitiesTest$4.&lt;init&gt;(DataUtilitiesTest.java:79)&#13;
	at org.jfree.data.test.DataUtilitiesTest.testCalculateRowTotal_EmptyTable(DataUtilitiesTest.java:78)&#13;
	at java.base/jdk.internal.reflect.NativeMethodAccessorImpl.invoke0(Native Method)&#13;
	at java.base/jdk.internal.reflect.NativeMethodAccessorImpl.invoke(NativeMethodAccessorImpl.java:64)&#13;
	at java.base/jdk.internal.reflect.DelegatingMethodAccessorImpl.invoke(DelegatingMethodAccessorImpl.java:43)&#13;
	at java.base/java.lang.reflect.Method.invoke(Method.java:564)&#13;
	at org.junit.runners.model.FrameworkMethod$1.runReflectiveCall(FrameworkMethod.java:47)&#13;
	at org.junit.internal.runners.model.ReflectiveCallable.run(ReflectiveCallable.java:12)&#13;
	at org.junit.runners.model.FrameworkMethod.invokeExplosively(FrameworkMethod.java:44)&#13;
	at org.junit.internal.runners.statements.InvokeMethod.evaluate(InvokeMethod.java:17)&#13;
	at org.junit.runners.ParentRunner.runLeaf(ParentRunner.java:271)&#13;
	at org.junit.runners.BlockJUnit4ClassRunner.runChild(BlockJUnit4ClassRunner.java:70)&#13;
	at org.junit.runners.BlockJUnit4ClassRunner.runChild(BlockJUnit4ClassRunner.java:50)&#13;
	at org.junit.runners.ParentRunner$3.run(ParentRunner.java:238)&#13;
	at org.junit.runners.ParentRunner$1.schedule(ParentRunner.java:63)&#13;
	at org.junit.runners.ParentRunner.runChildren(ParentRunner.java:236)&#13;
	at org.junit.runners.ParentRunner.access$000(ParentRunner.java:53)&#13;
	at org.junit.runners.ParentRunner$2.evaluate(ParentRunner.java:229)&#13;
	at org.junit.runners.ParentRunner.run(ParentRunner.java:309)&#13;
	at org.eclipse.jdt.internal.junit4.runner.JUnit4TestReference.run(JUnit4TestReference.java:89)&#13;
	at org.eclipse.jdt.internal.junit.runner.TestExecution.run(TestExecution.java:41)&#13;
	at org.eclipse.jdt.internal.junit.runner.RemoteTestRunner.runTests(RemoteTestRunner.java:542)&#13;
	at org.eclipse.jdt.internal.junit.runner.RemoteTestRunner.runTests(RemoteTestRunner.java:770)&#13;
	at org.eclipse.jdt.internal.junit.runner.RemoteTestRunner.run(RemoteTestRunner.java:464)&#13;
	at org.eclipse.jdt.internal.junit.runner.RemoteTestRunner.main(RemoteTestRunner.java:210)&#13;
&#13;
</error>
    </testcase>
    <testcase name="testCalculateColumnTotal_oneRow" classname="org.jfree.data.test.DataUtilitiesTest" time="0.001">
      <error>java.lang.NoClassDefFoundError: org/hamcrest/collection/IsArray&#13;
	at org.jmock.internal.InvocationExpectationBuilder.createExpectationFrom(InvocationExpectationBuilder.java:89)&#13;
	at org.jmock.internal.InvocationToExpectationTranslator.invoke(InvocationToExpectationTranslator.java:19)&#13;
	at org.jmock.internal.FakeObjectMethods.invoke(FakeObjectMethods.java:38)&#13;
	at org.jmock.lib.JavaReflectionImposteriser$1.invoke(JavaReflectionImposteriser.java:33)&#13;
	at com.sun.proxy.$Proxy5.getRowCount(Unknown Source)&#13;
	at org.jfree.data.test.DataUtilitiesTest$2.&lt;init&gt;(DataUtilitiesTest.java:42)&#13;
	at org.jfree.data.test.DataUtilitiesTest.testCalculateColumnTotal_oneRow(DataUtilitiesTest.java:41)&#13;
	at java.base/jdk.internal.reflect.NativeMethodAccessorImpl.invoke0(Native Method)&#13;
	at java.base/jdk.internal.reflect.NativeMethodAccessorImpl.invoke(NativeMethodAccessorImpl.java:64)&#13;
	at java.base/jdk.internal.reflect.DelegatingMethodAccessorImpl.invoke(DelegatingMethodAccessorImpl.java:43)&#13;
	at java.base/java.lang.reflect.Method.invoke(Method.java:564)&#13;
	at org.junit.runners.model.FrameworkMethod$1.runReflectiveCall(FrameworkMethod.java:47)&#13;
	at org.junit.internal.runners.model.ReflectiveCallable.run(ReflectiveCallable.java:12)&#13;
	at org.junit.runners.model.FrameworkMethod.invokeExplosively(FrameworkMethod.java:44)&#13;
	at org.junit.internal.runners.statements.InvokeMethod.evaluate(InvokeMethod.java:17)&#13;
	at org.junit.runners.ParentRunner.runLeaf(ParentRunner.java:271)&#13;
	at org.junit.runners.BlockJUnit4ClassRunner.runChild(BlockJUnit4ClassRunner.java:70)&#13;
	at org.junit.runners.BlockJUnit4ClassRunner.runChild(BlockJUnit4ClassRunner.java:50)&#13;
	at org.junit.runners.ParentRunner$3.run(ParentRunner.java:238)&#13;
	at org.junit.runners.ParentRunner$1.schedule(ParentRunner.java:63)&#13;
	at org.junit.runners.ParentRunner.runChildren(ParentRunner.java:236)&#13;
	at org.junit.runners.ParentRunner.access$000(ParentRunner.java:53)&#13;
	at org.junit.runners.ParentRunner$2.evaluate(ParentRunner.java:229)&#13;
	at org.junit.runners.ParentRunner.run(ParentRunner.java:309)&#13;
	at org.eclipse.jdt.internal.junit4.runner.JUnit4TestReference.run(JUnit4TestReference.java:89)&#13;
	at org.eclipse.jdt.internal.junit.runner.TestExecution.run(TestExecution.java:41)&#13;
	at org.eclipse.jdt.internal.junit.runner.RemoteTestRunner.runTests(RemoteTestRunner.java:542)&#13;
	at org.eclipse.jdt.internal.junit.runner.RemoteTestRunner.runTests(RemoteTestRunner.java:770)&#13;
	at org.eclipse.jdt.internal.junit.runner.RemoteTestRunner.run(RemoteTestRunner.java:464)&#13;
	at org.eclipse.jdt.internal.junit.runner.RemoteTestRunner.main(RemoteTestRunner.java:210)&#13;
&#13;
</error>
    </testcase>
  </testsuite>
</testrun>
