<?xml version="1.0" encoding="UTF-8"?><testrun name="DataUtilitiesTest" project="JFreeChart" tests="14" started="14" failures="1" errors="0" ignored="0">
  <testsuite name="org.jfree.data.test.DataUtilitiesTest" time="0.007">
    <testcase name="testCreateNumberArray_negativeElement" classname="org.jfree.data.test.DataUtilitiesTest" time="0.0"/>
    <testcase name="testCalculateRowTotal_oneRow" classname="org.jfree.data.test.DataUtilitiesTest" time="0.0"/>
    <testcase name="testCreateNumberArray2D_oneElement" classname="org.jfree.data.test.DataUtilitiesTest" time="0.0"/>
    <testcase name="testCalculateColumnTotal_multipleRows" classname="org.jfree.data.test.DataUtilitiesTest" time="0.0"/>
    <testcase name="testGetCumulativePercentages_multipleElements" classname="org.jfree.data.test.DataUtilitiesTest" time="0.0">
      <failure>java.lang.AssertionError: expected:&lt;0.048446&gt; but was:&lt;0.04844570044408558&gt;&#13;
	at org.junit.Assert.fail(Assert.java:88)&#13;
	at org.junit.Assert.failNotEquals(Assert.java:743)&#13;
	at org.junit.Assert.assertEquals(Assert.java:494)&#13;
	at org.junit.Assert.assertEquals(Assert.java:592)&#13;
	at org.jfree.data.test.DataUtilitiesTest.testGetCumulativePercentages_multipleElements(DataUtilitiesTest.java:221)&#13;
	at java.base/jdk.internal.reflect.NativeMethodAccessorImpl.invoke0(Native Method)&#13;
	at java.base/jdk.internal.reflect.NativeMethodAccessorImpl.invoke(NativeMethodAccessorImpl.java:64)&#13;
	at java.base/jdk.internal.reflect.DelegatingMethodAccessorImpl.invoke(DelegatingMethodAccessorImpl.java:43)&#13;
	at java.base/java.lang.reflect.Method.invoke(Method.java:564)&#13;
	at org.junit.runners.model.FrameworkMethod$1.runReflectiveCall(FrameworkMethod.java:47)&#13;
	at org.junit.internal.runners.model.ReflectiveCallable.run(ReflectiveCallable.java:12)&#13;
	at org.junit.runners.model.FrameworkMethod.invokeExplosively(FrameworkMethod.java:44)&#13;
	at org.junit.internal.runners.statements.InvokeMethod.evaluate(InvokeMethod.java:17)&#13;
	at org.junit.runners.ParentRunner.runLeaf(ParentRunner.java:271)&#13;
	at org.junit.runners.BlockJUnit4ClassRunner.runChild(BlockJUnit4ClassRunner.java:70)&#13;
	at org.junit.runners.BlockJUnit4ClassRunner.runChild(BlockJUnit4ClassRunner.java:50)&#13;
	at org.junit.runners.ParentRunner$3.run(ParentRunner.java:238)&#13;
	at org.junit.runners.ParentRunner$1.schedule(ParentRunner.java:63)&#13;
	at org.junit.runners.ParentRunner.runChildren(ParentRunner.java:236)&#13;
	at org.junit.runners.ParentRunner.access$000(ParentRunner.java:53)&#13;
	at org.junit.runners.ParentRunner$2.evaluate(ParentRunner.java:229)&#13;
	at org.junit.runners.ParentRunner.run(ParentRunner.java:309)&#13;
	at org.eclipse.jdt.internal.junit4.runner.JUnit4TestReference.run(JUnit4TestReference.java:89)&#13;
	at org.eclipse.jdt.internal.junit.runner.TestExecution.run(TestExecution.java:41)&#13;
	at org.eclipse.jdt.internal.junit.runner.RemoteTestRunner.runTests(RemoteTestRunner.java:542)&#13;
	at org.eclipse.jdt.internal.junit.runner.RemoteTestRunner.runTests(RemoteTestRunner.java:770)&#13;
	at org.eclipse.jdt.internal.junit.runner.RemoteTestRunner.run(RemoteTestRunner.java:464)&#13;
	at org.eclipse.jdt.internal.junit.runner.RemoteTestRunner.main(RemoteTestRunner.java:210)&#13;
&#13;
</failure>
    </testcase>
    <testcase name="testCalculateColumnTotal_EmptyTable" classname="org.jfree.data.test.DataUtilitiesTest" time="0.0"/>
    <testcase name="testCalculateRowTotal_multipleRows" classname="org.jfree.data.test.DataUtilitiesTest" time="0.001"/>
    <testcase name="testCreateNumberArray_oneElement" classname="org.jfree.data.test.DataUtilitiesTest" time="0.0"/>
    <testcase name="testCalculateRowTotal_EmptyTable" classname="org.jfree.data.test.DataUtilitiesTest" time="0.002"/>
    <testcase name="testGetCumulativePercentages_oneElement" classname="org.jfree.data.test.DataUtilitiesTest" time="0.002"/>
    <testcase name="testCreateNumberArray2D_negativeElements" classname="org.jfree.data.test.DataUtilitiesTest" time="0.0"/>
    <testcase name="testCalculateColumnTotal_oneRow" classname="org.jfree.data.test.DataUtilitiesTest" time="0.001"/>
    <testcase name="testCreateNumberArray2D_multipleElements" classname="org.jfree.data.test.DataUtilitiesTest" time="0.0"/>
    <testcase name="testCreateNumberArray_multipleElements" classname="org.jfree.data.test.DataUtilitiesTest" time="0.001"/>
  </testsuite>
</testrun>
